<?xml version="1.0" encoding="UTF-8"?>
<!-- Generated by org.testng.reporters.JUnitXMLReporter -->
<testsuite hostname="INHYDSIVARAMK" ignored="0" name="Grid Execution" tests="1" failures="1" timestamp="14 Mar 2019 10:55:17 GMT" time="8.845" errors="0">
  <testcase name="@AfterMethod teadDown" time="0.001" classname="chrom.SeleniumGridCapabilities">
    <failure type="java.lang.NullPointerException">
      <![CDATA[java.lang.NullPointerException
at chrom.SeleniumGridCapabilities.teadDown(SeleniumGridCapabilities.java:53)
at java.util.concurrent.ThreadPoolExecutor.runWorker(ThreadPoolExecutor.java:1149)
at java.util.concurrent.ThreadPoolExecutor$Worker.run(ThreadPoolExecutor.java:624)
at java.lang.Thread.run(Thread.java:748)
... Removed 13 stack frames]]>
    </failure>
  </testcase> <!-- @AfterMethod teadDown -->
  <testcase name="main" time="0.005" classname="chrom.SeleniumGridCapabilities">
    <failure type="java.lang.NullPointerException">
      <![CDATA[java.lang.NullPointerException
at chrom.SeleniumGridCapabilities.main(SeleniumGridCapabilities.java:39)
at java.util.concurrent.ThreadPoolExecutor.runWorker(ThreadPoolExecutor.java:1149)
at java.util.concurrent.ThreadPoolExecutor$Worker.run(ThreadPoolExecutor.java:624)
at java.lang.Thread.run(Thread.java:748)
... Removed 10 stack frames]]>
    </failure>
  </testcase> <!-- main -->
</testsuite> <!-- Grid Execution -->
